2020/03/11 15:00:19 [error] [exception.CHttpException.404] exception 'CHttpException' with message 'Unable to resolve the request "test".' in /mnt/d2/www/sites/romanlaptev.heroku.com/php/frameworks/yii/framework/web/CWebApplication.php:286
Stack trace:
#0 /mnt/d2/www/sites/romanlaptev.heroku.com/php/frameworks/yii/framework/web/CWebApplication.php(141): CWebApplication->runController('test')
#1 /mnt/d2/www/sites/romanlaptev.heroku.com/php/frameworks/yii/framework/base/CApplication.php(180): CWebApplication->processRequest()
#2 /mnt/d2/www/sites/romanlaptev.heroku.com/projects/learn_yii/index.php(59): CApplication->run()
#3 /mnt/d2/www/sites/romanlaptev.heroku.com/projects/learn_yii/index.php(42): runApp()
#4 {main}
REQUEST_URI=/sites/romanlaptev.heroku.com/projects/learn_yii/index.php?r=test
---
2020/03/11 15:46:32 [error] [exception.CHttpException.404] exception 'CHttpException' with message 'Unable to resolve the request "admin/page".' in /mnt/d2/www/sites/romanlaptev.heroku.com/php/frameworks/yii/framework/web/CWebApplication.php:286
Stack trace:
#0 /mnt/d2/www/sites/romanlaptev.heroku.com/php/frameworks/yii/framework/web/CWebApplication.php(141): CWebApplication->runController('admin/page')
#1 /mnt/d2/www/sites/romanlaptev.heroku.com/php/frameworks/yii/framework/base/CApplication.php(180): CWebApplication->processRequest()
#2 /mnt/d2/www/sites/romanlaptev.heroku.com/projects/learn_yii/index.php(59): CApplication->run()
#3 /mnt/d2/www/sites/romanlaptev.heroku.com/projects/learn_yii/index.php(42): runApp()
#4 {main}
REQUEST_URI=/sites/romanlaptev.heroku.com/projects/learn_yii/index.php?r=admin/page
---
2020/03/11 15:46:41 [error] [exception.CHttpException.404] exception 'CHttpException' with message 'Unable to resolve the request "page".' in /mnt/d2/www/sites/romanlaptev.heroku.com/php/frameworks/yii/framework/web/CWebApplication.php:286
Stack trace:
#0 /mnt/d2/www/sites/romanlaptev.heroku.com/php/frameworks/yii/framework/web/CWebApplication.php(141): CWebApplication->runController('page')
#1 /mnt/d2/www/sites/romanlaptev.heroku.com/php/frameworks/yii/framework/base/CApplication.php(180): CWebApplication->processRequest()
#2 /mnt/d2/www/sites/romanlaptev.heroku.com/projects/learn_yii/index.php(59): CApplication->run()
#3 /mnt/d2/www/sites/romanlaptev.heroku.com/projects/learn_yii/index.php(42): runApp()
#4 {main}
REQUEST_URI=/sites/romanlaptev.heroku.com/projects/learn_yii/index.php?r=page
---
2020/03/11 15:47:06 [error] [exception.CHttpException.404] exception 'CHttpException' with message 'Unable to resolve the request "admin/page".' in /mnt/d2/www/sites/romanlaptev.heroku.com/php/frameworks/yii/framework/web/CWebApplication.php:286
Stack trace:
#0 /mnt/d2/www/sites/romanlaptev.heroku.com/php/frameworks/yii/framework/web/CWebApplication.php(141): CWebApplication->runController('admin/page')
#1 /mnt/d2/www/sites/romanlaptev.heroku.com/php/frameworks/yii/framework/base/CApplication.php(180): CWebApplication->processRequest()
#2 /mnt/d2/www/sites/romanlaptev.heroku.com/projects/learn_yii/index.php(59): CApplication->run()
#3 /mnt/d2/www/sites/romanlaptev.heroku.com/projects/learn_yii/index.php(42): runApp()
#4 {main}
REQUEST_URI=/sites/romanlaptev.heroku.com/projects/learn_yii/index.php?r=admin/page
---
2020/03/11 16:02:24 [error] [php] include(User.php): failed to open stream: No such file or directory (/mnt/d2/www/sites/romanlaptev.heroku.com/php/frameworks/yii/framework/YiiBase.php:427)
Stack trace:
#0 /mnt/d2/www/sites/romanlaptev.heroku.com/projects/learn_yii/protected/components/UserIdentity.php(32): spl_autoload_call()
#1 /mnt/d2/www/sites/romanlaptev.heroku.com/projects/learn_yii/protected/models/LoginForm.php(52): UserIdentity->authenticate()
#2 /mnt/d2/www/sites/romanlaptev.heroku.com/php/frameworks/yii/framework/validators/CInlineValidator.php(42): LoginForm->authenticate()
#3 /mnt/d2/www/sites/romanlaptev.heroku.com/php/frameworks/yii/framework/validators/CValidator.php(213): CInlineValidator->validateAttribute()
#4 /mnt/d2/www/sites/romanlaptev.heroku.com/php/frameworks/yii/framework/base/CModel.php(159): CInlineValidator->validate()
#5 /mnt/d2/www/sites/romanlaptev.heroku.com/projects/learn_yii/protected/controllers/SiteController.php(101): LoginForm->validate()
#6 /mnt/d2/www/sites/romanlaptev.heroku.com/php/frameworks/yii/framework/web/actions/CInlineAction.php(49): SiteController->actionLogin()
#7 /mnt/d2/www/sites/romanlaptev.heroku.com/php/frameworks/yii/framework/web/CController.php(308): CInlineAction->runWithParams()
#8 /mnt/d2/www/sites/romanlaptev.heroku.com/php/frameworks/yii/framework/web/CController.php(286): SiteController->runAction()
#9 /mnt/d2/www/sites/romanlaptev.heroku.com/php/frameworks/yii/framework/web/CController.php(265): SiteController->runActionWithFilters()
#10 /mnt/d2/www/sites/romanlaptev.heroku.com/php/frameworks/yii/framework/web/CWebApplication.php(282): SiteController->run()
#11 /mnt/d2/www/sites/romanlaptev.heroku.com/php/frameworks/yii/framework/web/CWebApplication.php(141): CWebApplication->runController()
#12 /mnt/d2/www/sites/romanlaptev.heroku.com/php/frameworks/yii/framework/base/CApplication.php(180): CWebApplication->processRequest()
#13 /mnt/d2/www/sites/romanlaptev.heroku.com/projects/learn_yii/index.php(59): CWebApplication->run()
#14 /mnt/d2/www/sites/romanlaptev.heroku.com/projects/learn_yii/index.php(42): runApp()
REQUEST_URI=/sites/romanlaptev.heroku.com/projects/learn_yii/index.php?r=site/login
in /mnt/d2/www/sites/romanlaptev.heroku.com/projects/learn_yii/protected/components/UserIdentity.php (32)
in /mnt/d2/www/sites/romanlaptev.heroku.com/projects/learn_yii/protected/models/LoginForm.php (52)
in /mnt/d2/www/sites/romanlaptev.heroku.com/projects/learn_yii/protected/controllers/SiteController.php (101)
2020/03/11 16:02:59 [error] [php] include(User.php): failed to open stream: No such file or directory (/mnt/d2/www/sites/romanlaptev.heroku.com/php/frameworks/yii/framework/YiiBase.php:427)
Stack trace:
#0 /mnt/d2/www/sites/romanlaptev.heroku.com/projects/learn_yii/protected/components/UserIdentity.php(32): spl_autoload_call()
#1 /mnt/d2/www/sites/romanlaptev.heroku.com/projects/learn_yii/protected/models/LoginForm.php(52): UserIdentity->authenticate()
#2 /mnt/d2/www/sites/romanlaptev.heroku.com/php/frameworks/yii/framework/validators/CInlineValidator.php(42): LoginForm->authenticate()
#3 /mnt/d2/www/sites/romanlaptev.heroku.com/php/frameworks/yii/framework/validators/CValidator.php(213): CInlineValidator->validateAttribute()
#4 /mnt/d2/www/sites/romanlaptev.heroku.com/php/frameworks/yii/framework/base/CModel.php(159): CInlineValidator->validate()
#5 /mnt/d2/www/sites/romanlaptev.heroku.com/projects/learn_yii/protected/controllers/SiteController.php(101): LoginForm->validate()
#6 /mnt/d2/www/sites/romanlaptev.heroku.com/php/frameworks/yii/framework/web/actions/CInlineAction.php(49): SiteController->actionLogin()
#7 /mnt/d2/www/sites/romanlaptev.heroku.com/php/frameworks/yii/framework/web/CController.php(308): CInlineAction->runWithParams()
#8 /mnt/d2/www/sites/romanlaptev.heroku.com/php/frameworks/yii/framework/web/CController.php(286): SiteController->runAction()
#9 /mnt/d2/www/sites/romanlaptev.heroku.com/php/frameworks/yii/framework/web/CController.php(265): SiteController->runActionWithFilters()
#10 /mnt/d2/www/sites/romanlaptev.heroku.com/php/frameworks/yii/framework/web/CWebApplication.php(282): SiteController->run()
#11 /mnt/d2/www/sites/romanlaptev.heroku.com/php/frameworks/yii/framework/web/CWebApplication.php(141): CWebApplication->runController()
#12 /mnt/d2/www/sites/romanlaptev.heroku.com/php/frameworks/yii/framework/base/CApplication.php(180): CWebApplication->processRequest()
#13 /mnt/d2/www/sites/romanlaptev.heroku.com/projects/learn_yii/index.php(59): CWebApplication->run()
#14 /mnt/d2/www/sites/romanlaptev.heroku.com/projects/learn_yii/index.php(42): runApp()
REQUEST_URI=/sites/romanlaptev.heroku.com/projects/learn_yii/index.php?r=site/login
in /mnt/d2/www/sites/romanlaptev.heroku.com/projects/learn_yii/protected/components/UserIdentity.php (32)
in /mnt/d2/www/sites/romanlaptev.heroku.com/projects/learn_yii/protected/models/LoginForm.php (52)
in /mnt/d2/www/sites/romanlaptev.heroku.com/projects/learn_yii/protected/controllers/SiteController.php (101)
2020/03/11 16:55:25 [error] [php] include(User.php): failed to open stream: No such file or directory (/mnt/d2/www/sites/romanlaptev.heroku.com/php/frameworks/yii/framework/YiiBase.php:427)
Stack trace:
#0 /mnt/d2/www/sites/romanlaptev.heroku.com/projects/learn_yii/protected/components/UserIdentity.php(33): spl_autoload_call()
#1 /mnt/d2/www/sites/romanlaptev.heroku.com/projects/learn_yii/protected/models/LoginForm.php(52): UserIdentity->authenticate()
#2 /mnt/d2/www/sites/romanlaptev.heroku.com/php/frameworks/yii/framework/validators/CInlineValidator.php(42): LoginForm->authenticate()
#3 /mnt/d2/www/sites/romanlaptev.heroku.com/php/frameworks/yii/framework/validators/CValidator.php(213): CInlineValidator->validateAttribute()
#4 /mnt/d2/www/sites/romanlaptev.heroku.com/php/frameworks/yii/framework/base/CModel.php(159): CInlineValidator->validate()
#5 /mnt/d2/www/sites/romanlaptev.heroku.com/projects/learn_yii/protected/controllers/SiteController.php(101): LoginForm->validate()
#6 /mnt/d2/www/sites/romanlaptev.heroku.com/php/frameworks/yii/framework/web/actions/CInlineAction.php(49): SiteController->actionLogin()
#7 /mnt/d2/www/sites/romanlaptev.heroku.com/php/frameworks/yii/framework/web/CController.php(308): CInlineAction->runWithParams()
#8 /mnt/d2/www/sites/romanlaptev.heroku.com/php/frameworks/yii/framework/web/CController.php(286): SiteController->runAction()
#9 /mnt/d2/www/sites/romanlaptev.heroku.com/php/frameworks/yii/framework/web/CController.php(265): SiteController->runActionWithFilters()
#10 /mnt/d2/www/sites/romanlaptev.heroku.com/php/frameworks/yii/framework/web/CWebApplication.php(282): SiteController->run()
#11 /mnt/d2/www/sites/romanlaptev.heroku.com/php/frameworks/yii/framework/web/CWebApplication.php(141): CWebApplication->runController()
#12 /mnt/d2/www/sites/romanlaptev.heroku.com/php/frameworks/yii/framework/base/CApplication.php(180): CWebApplication->processRequest()
#13 /mnt/d2/www/sites/romanlaptev.heroku.com/projects/learn_yii/index.php(59): CWebApplication->run()
#14 /mnt/d2/www/sites/romanlaptev.heroku.com/projects/learn_yii/index.php(42): runApp()
REQUEST_URI=/sites/romanlaptev.heroku.com/projects/learn_yii/index.php?r=site/login
in /mnt/d2/www/sites/romanlaptev.heroku.com/projects/learn_yii/protected/components/UserIdentity.php (33)
in /mnt/d2/www/sites/romanlaptev.heroku.com/projects/learn_yii/protected/models/LoginForm.php (52)
in /mnt/d2/www/sites/romanlaptev.heroku.com/projects/learn_yii/protected/controllers/SiteController.php (101)
2020/03/11 16:56:41 [error] [system.db.CDbCommand] Error in preparing SQL: SELECT * FROM 'users' 't' WHERE LOWER(username)=? LIMIT 1
in /mnt/d2/www/sites/romanlaptev.heroku.com/projects/learn_yii/protected/components/UserIdentity.php (33)
in /mnt/d2/www/sites/romanlaptev.heroku.com/projects/learn_yii/protected/models/LoginForm.php (52)
in /mnt/d2/www/sites/romanlaptev.heroku.com/projects/learn_yii/protected/controllers/SiteController.php (101)
2020/03/11 16:56:41 [error] [exception.CDbException] exception 'CDbException' with message 'CDbCommand failed to prepare the SQL statement: SQLSTATE[HY000]: General error: 1 no such column: username' in /mnt/d2/www/sites/romanlaptev.heroku.com/php/frameworks/yii/framework/db/CDbCommand.php:218
Stack trace:
#0 /mnt/d2/www/sites/romanlaptev.heroku.com/php/frameworks/yii/framework/db/CDbCommand.php(273): CDbCommand->prepare()
#1 /mnt/d2/www/sites/romanlaptev.heroku.com/php/frameworks/yii/framework/db/schema/CDbCommandBuilder.php(557): CDbCommand->bindValue(1, 'admin')
#2 /mnt/d2/www/sites/romanlaptev.heroku.com/php/frameworks/yii/framework/db/schema/CDbCommandBuilder.php(100): CDbCommandBuilder->bindValues(Object(CDbCommand), Array)
#3 /mnt/d2/www/sites/romanlaptev.heroku.com/php/frameworks/yii/framework/db/ar/CActiveRecord.php(1350): CDbCommandBuilder->createFindCommand(Object(CDbTableSchema), Object(CDbCriteria), 't')
#4 /mnt/d2/www/sites/romanlaptev.heroku.com/php/frameworks/yii/framework/db/ar/CActiveRecord.php(1456): CActiveRecord->query(Object(CDbCriteria))
#5 /mnt/d2/www/sites/romanlaptev.heroku.com/projects/learn_yii/protected/components/UserIdentity.php(33): CActiveRecord->find('LOWER(username)...', Array)
#6 /mnt/d2/www/sites/romanlaptev.heroku.com/projects/learn_yii/protected/models/LoginForm.php(52): UserIdentity->authenticate()
#7 /mnt/d2/www/sites/romanlaptev.heroku.com/php/frameworks/yii/framework/validators/CInlineValidator.php(42): LoginForm->authenticate('password', Array)
#8 /mnt/d2/www/sites/romanlaptev.heroku.com/php/frameworks/yii/framework/validators/CValidator.php(213): CInlineValidator->validateAttribute(Object(LoginForm), 'password')
#9 /mnt/d2/www/sites/romanlaptev.heroku.com/php/frameworks/yii/framework/base/CModel.php(159): CValidator->validate(Object(LoginForm), NULL)
#10 /mnt/d2/www/sites/romanlaptev.heroku.com/projects/learn_yii/protected/controllers/SiteController.php(101): CModel->validate()
#11 /mnt/d2/www/sites/romanlaptev.heroku.com/php/frameworks/yii/framework/web/actions/CInlineAction.php(49): SiteController->actionLogin()
#12 /mnt/d2/www/sites/romanlaptev.heroku.com/php/frameworks/yii/framework/web/CController.php(308): CInlineAction->runWithParams(Array)
#13 /mnt/d2/www/sites/romanlaptev.heroku.com/php/frameworks/yii/framework/web/CController.php(286): CController->runAction(Object(CInlineAction))
#14 /mnt/d2/www/sites/romanlaptev.heroku.com/php/frameworks/yii/framework/web/CController.php(265): CController->runActionWithFilters(Object(CInlineAction), Array)
#15 /mnt/d2/www/sites/romanlaptev.heroku.com/php/frameworks/yii/framework/web/CWebApplication.php(282): CController->run('login')
#16 /mnt/d2/www/sites/romanlaptev.heroku.com/php/frameworks/yii/framework/web/CWebApplication.php(141): CWebApplication->runController('site/login')
#17 /mnt/d2/www/sites/romanlaptev.heroku.com/php/frameworks/yii/framework/base/CApplication.php(180): CWebApplication->processRequest()
#18 /mnt/d2/www/sites/romanlaptev.heroku.com/projects/learn_yii/index.php(59): CApplication->run()
#19 /mnt/d2/www/sites/romanlaptev.heroku.com/projects/learn_yii/index.php(42): runApp()
#20 {main}
REQUEST_URI=/sites/romanlaptev.heroku.com/projects/learn_yii/index.php?r=site/login
HTTP_REFERER=http://i5/sites/romanlaptev.heroku.com/projects/learn_yii/index.php?r=site/login
---
2020/03/11 16:57:15 [error] [exception.CException] exception 'CException' with message 'Property "UserIdentity.login" is not defined.' in /mnt/d2/www/sites/romanlaptev.heroku.com/php/frameworks/yii/framework/base/CComponent.php:130
Stack trace:
#0 /mnt/d2/www/sites/romanlaptev.heroku.com/projects/learn_yii/protected/components/UserIdentity.php(33): CComponent->__get('login')
#1 /mnt/d2/www/sites/romanlaptev.heroku.com/projects/learn_yii/protected/models/LoginForm.php(52): UserIdentity->authenticate()
#2 /mnt/d2/www/sites/romanlaptev.heroku.com/php/frameworks/yii/framework/validators/CInlineValidator.php(42): LoginForm->authenticate('password', Array)
#3 /mnt/d2/www/sites/romanlaptev.heroku.com/php/frameworks/yii/framework/validators/CValidator.php(213): CInlineValidator->validateAttribute(Object(LoginForm), 'password')
#4 /mnt/d2/www/sites/romanlaptev.heroku.com/php/frameworks/yii/framework/base/CModel.php(159): CValidator->validate(Object(LoginForm), NULL)
#5 /mnt/d2/www/sites/romanlaptev.heroku.com/projects/learn_yii/protected/controllers/SiteController.php(101): CModel->validate()
#6 /mnt/d2/www/sites/romanlaptev.heroku.com/php/frameworks/yii/framework/web/actions/CInlineAction.php(49): SiteController->actionLogin()
#7 /mnt/d2/www/sites/romanlaptev.heroku.com/php/frameworks/yii/framework/web/CController.php(308): CInlineAction->runWithParams(Array)
#8 /mnt/d2/www/sites/romanlaptev.heroku.com/php/frameworks/yii/framework/web/CController.php(286): CController->runAction(Object(CInlineAction))
#9 /mnt/d2/www/sites/romanlaptev.heroku.com/php/frameworks/yii/framework/web/CController.php(265): CController->runActionWithFilters(Object(CInlineAction), Array)
#10 /mnt/d2/www/sites/romanlaptev.heroku.com/php/frameworks/yii/framework/web/CWebApplication.php(282): CController->run('login')
#11 /mnt/d2/www/sites/romanlaptev.heroku.com/php/frameworks/yii/framework/web/CWebApplication.php(141): CWebApplication->runController('site/login')
#12 /mnt/d2/www/sites/romanlaptev.heroku.com/php/frameworks/yii/framework/base/CApplication.php(180): CWebApplication->processRequest()
#13 /mnt/d2/www/sites/romanlaptev.heroku.com/projects/learn_yii/index.php(59): CApplication->run()
#14 /mnt/d2/www/sites/romanlaptev.heroku.com/projects/learn_yii/index.php(42): runApp()
#15 {main}
REQUEST_URI=/sites/romanlaptev.heroku.com/projects/learn_yii/index.php?r=site/login
HTTP_REFERER=http://i5/sites/romanlaptev.heroku.com/projects/learn_yii/index.php?r=site/login
---
2020/03/11 17:03:01 [error] [exception.CException] exception 'CException' with message 'Property "UserIdentity.user_id" is not defined.' in /mnt/d2/www/sites/romanlaptev.heroku.com/php/frameworks/yii/framework/base/CComponent.php:173
Stack trace:
#0 /mnt/d2/www/sites/romanlaptev.heroku.com/projects/learn_yii/protected/components/UserIdentity.php(44): CComponent->__set('user_id', '1')
#1 /mnt/d2/www/sites/romanlaptev.heroku.com/projects/learn_yii/protected/models/LoginForm.php(52): UserIdentity->authenticate()
#2 /mnt/d2/www/sites/romanlaptev.heroku.com/php/frameworks/yii/framework/validators/CInlineValidator.php(42): LoginForm->authenticate('password', Array)
#3 /mnt/d2/www/sites/romanlaptev.heroku.com/php/frameworks/yii/framework/validators/CValidator.php(213): CInlineValidator->validateAttribute(Object(LoginForm), 'password')
#4 /mnt/d2/www/sites/romanlaptev.heroku.com/php/frameworks/yii/framework/base/CModel.php(159): CValidator->validate(Object(LoginForm), NULL)
#5 /mnt/d2/www/sites/romanlaptev.heroku.com/projects/learn_yii/protected/controllers/SiteController.php(101): CModel->validate()
#6 /mnt/d2/www/sites/romanlaptev.heroku.com/php/frameworks/yii/framework/web/actions/CInlineAction.php(49): SiteController->actionLogin()
#7 /mnt/d2/www/sites/romanlaptev.heroku.com/php/frameworks/yii/framework/web/CController.php(308): CInlineAction->runWithParams(Array)
#8 /mnt/d2/www/sites/romanlaptev.heroku.com/php/frameworks/yii/framework/web/CController.php(286): CController->runAction(Object(CInlineAction))
#9 /mnt/d2/www/sites/romanlaptev.heroku.com/php/frameworks/yii/framework/web/CController.php(265): CController->runActionWithFilters(Object(CInlineAction), Array)
#10 /mnt/d2/www/sites/romanlaptev.heroku.com/php/frameworks/yii/framework/web/CWebApplication.php(282): CController->run('login')
#11 /mnt/d2/www/sites/romanlaptev.heroku.com/php/frameworks/yii/framework/web/CWebApplication.php(141): CWebApplication->runController('site/login')
#12 /mnt/d2/www/sites/romanlaptev.heroku.com/php/frameworks/yii/framework/base/CApplication.php(180): CWebApplication->processRequest()
#13 /mnt/d2/www/sites/romanlaptev.heroku.com/projects/learn_yii/index.php(59): CApplication->run()
#14 /mnt/d2/www/sites/romanlaptev.heroku.com/projects/learn_yii/index.php(42): runApp()
#15 {main}
REQUEST_URI=/sites/romanlaptev.heroku.com/projects/learn_yii/index.php?r=site/login
HTTP_REFERER=http://i5/sites/romanlaptev.heroku.com/projects/learn_yii/index.php?r=site/login
---
